TN:
SF:/home/gkamtzir/thesis/Ethereum-ICO-Diploma-Thesis/contracts/contracts/Commit.sol
FN:47,getCommitedFromBalance
FN:57,getCommitedFromRented
FNF:2
FNH:2
FNDA:3,getCommitedFromBalance
FNDA:4,getCommitedFromRented
DA:48,3
DA:58,4
LF:2
LH:2
BRF:0
BRH:0
end_of_record
TN:
SF:/home/gkamtzir/thesis/Ethereum-ICO-Diploma-Thesis/contracts/contracts/ICOSale.sol
FN:13,constructor
FNF:1
FNH:1
FNDA:2,constructor
LF:0
LH:0
BRF:0
BRH:0
end_of_record
TN:
SF:/home/gkamtzir/thesis/Ethereum-ICO-Diploma-Thesis/contracts/contracts/Leasing.sol
FN:59,getOfferNumberOfTokens
FN:69,getOfferPrice
FN:79,getOfferDuration
FN:89,getOfferLeasedTo
FN:98,getOfferLeasedTimestamp
FN:109,getRentedNumberOfTokens
FN:120,getRentedAvailableTokens
FN:131,getRentedFrom
FNF:8
FNH:8
FNDA:3,getOfferNumberOfTokens
FNDA:2,getOfferPrice
FNDA:2,getOfferDuration
FNDA:3,getOfferLeasedTo
FNDA:3,getOfferLeasedTimestamp
FNDA:2,getRentedNumberOfTokens
FNDA:3,getRentedAvailableTokens
FNDA:2,getRentedFrom
DA:60,3
DA:70,2
DA:80,2
DA:90,3
DA:99,3
DA:110,2
DA:121,3
DA:132,2
LF:8
LH:8
BRF:0
BRH:0
end_of_record
TN:
SF:/home/gkamtzir/thesis/Ethereum-ICO-Diploma-Thesis/contracts/contracts/OpenHouseToken.sol
FN:54,onlyOwner
FN:59,constructor
FN:73,getName
FN:81,getSymbol
FN:89,getDecimals
FN:97,getOwner
FN:105,totalSupply
FN:113,getTotalNumberOfTokens
FN:122,activate
FN:135,deactivate
FN:147,transferOwnership
FN:160,balanceOf
FN:171,approve
FN:186,allowance
FN:197,transfer
FN:215,transferFrom
FN:234,commitFromBalance
FN:250,commitToBalance
FN:266,commitFromRented
FN:283,commitToRented
FN:302,createOffer
FN:324,removeOffer
FN:345,leaseFrom
FN:372,terminateLeasing
FNF:24
FNH:24
FNDA:9,onlyOwner
FNDA:22,constructor
FNDA:1,getName
FNDA:1,getSymbol
FNDA:1,getDecimals
FNDA:3,getOwner
FNDA:1,totalSupply
FNDA:1,getTotalNumberOfTokens
FNDA:1,activate
FNDA:1,deactivate
FNDA:1,transferOwnership
FNDA:19,balanceOf
FNDA:2,approve
FNDA:2,allowance
FNDA:19,transfer
FNDA:5,transferFrom
FNDA:3,commitFromBalance
FNDA:3,commitToBalance
FNDA:6,commitFromRented
FNDA:5,commitToRented
FNDA:14,createOffer
FNDA:3,removeOffer
FNDA:8,leaseFrom
FNDA:5,terminateLeasing
DA:55,9
DA:56,3
DA:60,22
DA:61,22
DA:62,22
DA:63,22
DA:64,22
DA:65,22
DA:66,22
DA:74,1
DA:82,1
DA:90,1
DA:98,3
DA:106,1
DA:114,1
DA:123,1
DA:125,1
DA:127,1
DA:136,1
DA:138,1
DA:140,1
DA:148,1
DA:150,1
DA:152,1
DA:161,19
DA:172,2
DA:174,2
DA:176,2
DA:187,2
DA:198,19
DA:200,17
DA:201,17
DA:203,17
DA:205,17
DA:216,5
DA:217,3
DA:219,1
DA:220,1
DA:222,1
DA:224,1
DA:226,1
DA:235,3
DA:237,1
DA:238,1
DA:240,1
DA:242,1
DA:251,3
DA:253,1
DA:254,1
DA:256,1
DA:258,1
DA:267,6
DA:268,4
DA:270,2
DA:271,2
DA:273,2
DA:275,2
DA:284,5
DA:285,3
DA:287,1
DA:288,1
DA:290,1
DA:292,1
DA:303,14
DA:304,8
DA:307,8
DA:309,4
DA:311,4
DA:312,4
DA:313,4
DA:315,4
DA:317,4
DA:325,3
DA:327,1
DA:329,1
DA:330,1
DA:331,1
DA:333,1
DA:335,1
DA:337,1
DA:346,8
DA:347,6
DA:348,4
DA:350,2
DA:352,2
DA:353,2
DA:354,2
DA:356,2
DA:357,2
DA:358,2
DA:361,2
DA:363,2
DA:365,2
DA:373,5
DA:374,3
DA:376,1
DA:377,1
DA:380,1
DA:383,1
DA:384,1
DA:385,1
DA:388,1
DA:389,1
DA:390,1
DA:392,1
DA:394,1
LF:106
LH:106
BRDA:55,1,0,3
BRDA:55,1,1,6
BRDA:198,2,0,17
BRDA:198,2,1,2
BRDA:216,3,0,3
BRDA:216,3,1,2
BRDA:217,4,0,1
BRDA:217,4,1,2
BRDA:235,5,0,1
BRDA:235,5,1,2
BRDA:251,6,0,1
BRDA:251,6,1,2
BRDA:267,7,0,4
BRDA:267,7,1,2
BRDA:268,8,0,2
BRDA:268,8,1,2
BRDA:284,9,0,3
BRDA:284,9,1,2
BRDA:285,10,0,1
BRDA:285,10,1,2
BRDA:303,11,0,8
BRDA:303,11,1,6
BRDA:304,12,0,8
BRDA:304,12,1,0
BRDA:307,13,0,4
BRDA:307,13,1,4
BRDA:325,14,0,1
BRDA:325,14,1,2
BRDA:346,15,0,6
BRDA:346,15,1,2
BRDA:347,16,0,4
BRDA:347,16,1,2
BRDA:348,17,0,2
BRDA:348,17,1,2
BRDA:373,18,0,3
BRDA:373,18,1,2
BRDA:374,19,0,1
BRDA:374,19,1,2
BRF:38
BRH:37
end_of_record
TN:
SF:/home/gkamtzir/thesis/Ethereum-ICO-Diploma-Thesis/contracts/contracts/PreICOSale.sol
FN:13,constructor
FNF:1
FNH:1
FNDA:2,constructor
LF:0
LH:0
BRF:0
BRH:0
end_of_record
TN:
SF:/home/gkamtzir/thesis/Ethereum-ICO-Diploma-Thesis/contracts/contracts/PrivateSale.sol
FN:19,isAllowed
FN:24,constructor
FN:54,getAddressAllowance
FN:63,allowAddress
FN:73,buyTokens
FNF:5
FNH:5
FNDA:18,isAllowed
FNDA:14,constructor
FNDA:2,getAddressAllowance
FNDA:9,allowAddress
FNDA:14,buyTokens
DA:20,18
DA:21,14
DA:55,2
DA:64,9
DA:74,14
LF:5
LH:5
BRDA:20,1,0,14
BRDA:20,1,1,4
BRF:2
BRH:2
end_of_record
TN:
SF:/home/gkamtzir/thesis/Ethereum-ICO-Diploma-Thesis/contracts/contracts/Sale.sol
FN:35,onlyOwner
FN:41,isLive
FN:47,hasEnded
FN:53,areRedeemable
FN:84,constructor
FN:117,getOwner
FN:125,getTokenPrice
FN:133,getTokensMinCap
FN:141,getTokensMaxCap
FN:150,getTokensSold
FN:158,getStartTimestamp
FN:166,getEndTimestamp
FN:175,getRedeemableAfterTimestamp
FN:183,getBalanceOf
FN:192,activate
FN:205,deactivate
FN:217,transferOwnership
FN:230,buyTokens
FN:246,refundTokens
FN:266,redeemTokens
FN:286,reallocateTokens
FNF:21
FNH:21
FNDA:20,onlyOwner
FNDA:14,isLive
FNDA:22,hasEnded
FNDA:7,areRedeemable
FNDA:18,constructor
FNDA:3,getOwner
FNDA:1,getTokenPrice
FNDA:1,getTokensMinCap
FNDA:1,getTokensMaxCap
FNDA:2,getTokensSold
FNDA:1,getStartTimestamp
FNDA:1,getEndTimestamp
FNDA:1,getRedeemableAfterTimestamp
FNDA:5,getBalanceOf
FNDA:1,activate
FNDA:1,deactivate
FNDA:1,transferOwnership
FNDA:12,buyTokens
FNDA:5,refundTokens
FNDA:1,redeemTokens
FNDA:2,reallocateTokens
DA:36,20
DA:37,14
DA:42,14
DA:43,12
DA:48,22
DA:49,16
DA:54,7
DA:55,1
DA:95,18
DA:96,18
DA:97,18
DA:99,18
DA:100,18
DA:101,18
DA:102,18
DA:103,18
DA:104,18
DA:105,18
DA:106,18
DA:107,18
DA:108,18
DA:109,18
DA:118,3
DA:126,1
DA:134,1
DA:142,1
DA:151,2
DA:159,1
DA:167,1
DA:176,1
DA:184,5
DA:193,1
DA:195,1
DA:197,1
DA:206,1
DA:208,1
DA:210,1
DA:218,1
DA:220,1
DA:222,1
DA:231,12
DA:232,10
DA:234,8
DA:235,8
DA:237,8
DA:239,8
DA:247,5
DA:248,3
DA:250,1
DA:252,1
DA:254,1
DA:256,1
DA:258,1
DA:267,1
DA:268,1
DA:270,1
DA:272,1
DA:274,1
DA:276,1
DA:278,1
DA:287,2
DA:289,2
DA:290,1
DA:291,1
DA:293,1
DA:296,2
DA:298,2
DA:300,2
LF:68
LH:68
BRDA:36,1,0,14
BRDA:36,1,1,6
BRDA:42,2,0,12
BRDA:42,2,1,2
BRDA:48,3,0,16
BRDA:48,3,1,6
BRDA:54,4,0,1
BRDA:54,4,1,6
BRDA:95,5,0,18
BRDA:95,5,1,0
BRDA:96,6,0,18
BRDA:96,6,1,0
BRDA:97,7,0,18
BRDA:97,7,1,0
BRDA:231,8,0,10
BRDA:231,8,1,2
BRDA:232,9,0,8
BRDA:232,9,1,2
BRDA:247,10,0,3
BRDA:247,10,1,2
BRDA:248,11,0,1
BRDA:248,11,1,2
BRDA:267,12,0,1
BRDA:267,12,1,0
BRDA:268,13,0,1
BRDA:268,13,1,0
BRDA:274,14,0,1
BRDA:274,14,1,0
BRDA:289,15,0,1
BRDA:289,15,1,1
BRDA:296,16,0,2
BRDA:296,16,1,0
BRF:32
BRH:25
end_of_record
TN:
SF:/home/gkamtzir/thesis/Ethereum-ICO-Diploma-Thesis/contracts/contracts/Status.sol
FN:25,isActivated
FN:34,getStatus
FNF:2
FNH:2
FNDA:146,isActivated
FNDA:3,getStatus
DA:26,146
DA:27,118
DA:35,3
LF:3
LH:3
BRDA:26,1,0,118
BRDA:26,1,1,28
BRF:2
BRH:2
end_of_record
TN:
SF:/home/gkamtzir/thesis/Ethereum-ICO-Diploma-Thesis/contracts/interfaces/ICommit.sol
FNF:0
FNH:0
LF:0
LH:0
BRF:0
BRH:0
end_of_record
TN:
SF:/home/gkamtzir/thesis/Ethereum-ICO-Diploma-Thesis/contracts/interfaces/IERC20.sol
FNF:0
FNH:0
LF:0
LH:0
BRF:0
BRH:0
end_of_record
TN:
SF:/home/gkamtzir/thesis/Ethereum-ICO-Diploma-Thesis/contracts/interfaces/ILeasing.sol
FNF:0
FNH:0
LF:0
LH:0
BRF:0
BRH:0
end_of_record
TN:
SF:/home/gkamtzir/thesis/Ethereum-ICO-Diploma-Thesis/contracts/interfaces/ILeasingEvents.sol
FNF:0
FNH:0
LF:0
LH:0
BRF:0
BRH:0
end_of_record
TN:
SF:/home/gkamtzir/thesis/Ethereum-ICO-Diploma-Thesis/contracts/interfaces/IStatus.sol
FNF:0
FNH:0
LF:0
LH:0
BRF:0
BRH:0
end_of_record
